Start testing: Sep 26 19:42 CST
----------------------------------------------------------
1/3 Testing: test_5_2
1/3 Test: test_5_2
Command: "/home/shuaibin/cfile/Demo5/Demo" "5" "2"
Directory: /home/shuaibin/cfile/Demo5
"test_5_2" start time: Sep 26 19:42 CST
Output:
----------------------------------------------------------
Now we use our own Math library. 
5 ^ 2 is 25
<end of output>
Test time =   0.00 sec
----------------------------------------------------------
Test Pass Reason:
Required regular expression found.Regex=[is 25
]
"test_5_2" end time: Sep 26 19:42 CST
"test_5_2" time elapsed: 00:00:00
----------------------------------------------------------

2/3 Testing: test_10_5
2/3 Test: test_10_5
Command: "/home/shuaibin/cfile/Demo5/Demo" "10" "5"
Directory: /home/shuaibin/cfile/Demo5
"test_10_5" start time: Sep 26 19:42 CST
Output:
----------------------------------------------------------
Now we use our own Math library. 
10 ^ 5 is 100000
<end of output>
Test time =   0.00 sec
----------------------------------------------------------
Test Pass Reason:
Required regular expression found.Regex=[is 100000
]
"test_10_5" end time: Sep 26 19:42 CST
"test_10_5" time elapsed: 00:00:00
----------------------------------------------------------

3/3 Testing: test_2_10
3/3 Test: test_2_10
Command: "/home/shuaibin/cfile/Demo5/Demo" "2" "10"
Directory: /home/shuaibin/cfile/Demo5
"test_2_10" start time: Sep 26 19:42 CST
Output:
----------------------------------------------------------
Now we use our own Math library. 
2 ^ 10 is 1024
<end of output>
Test time =   0.00 sec
----------------------------------------------------------
Test Pass Reason:
Required regular expression found.Regex=[is 1024
]
"test_2_10" end time: Sep 26 19:42 CST
"test_2_10" time elapsed: 00:00:00
----------------------------------------------------------

End testing: Sep 26 19:42 CST
